<?xml version="1.0" encoding="UTF-8" ?>
<testsuite errors="0" failures="0" hostname="sergei-G50" name="tdd.TestSuite" skipped="0" tests="3" time="0.071" timestamp="2015-11-09T19:34:23">
  <properties>
[...]
</properties>
  <testcase classname="tdd.TemplateTest" name="puuttuvastaPoikkeus" time="0.002" />
  <testcase classname="tdd.TemplateTest" name="montaMuuttuja" time="0.001" />
  <testcase classname="tdd.TemplateTest" name="tunematonMuuttuja" time="0.001" />
  <system-out><![CDATA[]]></system-out>
  <system-err><![CDATA[]]></system-err>
</testsuite>
